<?xml version="1.0" encoding="UTF-8"?>
<testng-results ignored="0" total="19" passed="18" failed="1" skipped="0">
  <reporter-output>
  </reporter-output>
  <suite started-at="2025-01-14T17:01:28 EST" name="Parallel Tests Suite" finished-at="2025-01-14T17:02:32 EST" duration-ms="64393">
    <groups>
    </groups>
    <test started-at="2025-01-14T17:01:28 EST" name=" LoginTest_est" finished-at="2025-01-14T17:02:12 EST" duration-ms="43904">
      <class name="com.testCases.TC002_LoginTest">
        <test-method is-config="true" signature="setup(java.lang.String,java.lang.String)[pri:0, instance:com.testCases.TC002_LoginTest@424fd310]" started-at="2025-01-14T17:01:28 EST" name="setup" finished-at="2025-01-14T17:01:32 EST" duration-ms="4151" status="PASS">
          <params>
            <param index="0">
              <value>
                <![CDATA[windows]]>
              </value>
            </param>
            <param index="1">
              <value>
                <![CDATA[Chrome]]>
              </value>
            </param>
          </params>
          <reporter-output>
          </reporter-output>
        </test-method> <!-- setup -->
        <test-method signature="verifyLoginwithValidCredentials()[pri:1, instance:com.testCases.TC002_LoginTest@424fd310]" started-at="2025-01-14T17:01:32 EST" name="verifyLoginwithValidCredentials" finished-at="2025-01-14T17:01:36 EST" duration-ms="3930" status="PASS">
          <reporter-output>
          </reporter-output>
        </test-method> <!-- verifyLoginwithValidCredentials -->
        <test-method is-config="true" signature="tearDown()[pri:0, instance:com.testCases.TC002_LoginTest@424fd310]" started-at="2025-01-14T17:01:36 EST" name="tearDown" finished-at="2025-01-14T17:01:37 EST" duration-ms="459" status="PASS">
          <reporter-output>
          </reporter-output>
        </test-method> <!-- tearDown -->
        <test-method is-config="true" signature="setup(java.lang.String,java.lang.String)[pri:0, instance:com.testCases.TC002_LoginTest@424fd310]" started-at="2025-01-14T17:01:37 EST" name="setup" finished-at="2025-01-14T17:01:42 EST" duration-ms="5014" status="PASS">
          <params>
            <param index="0">
              <value>
                <![CDATA[windows]]>
              </value>
            </param>
            <param index="1">
              <value>
                <![CDATA[Chrome]]>
              </value>
            </param>
          </params>
          <reporter-output>
          </reporter-output>
        </test-method> <!-- setup -->
        <test-method signature="verifyLoginwithValidEmailInvalidPasword()[pri:2, instance:com.testCases.TC002_LoginTest@424fd310]" started-at="2025-01-14T17:01:42 EST" name="verifyLoginwithValidEmailInvalidPasword" finished-at="2025-01-14T17:01:44 EST" duration-ms="2155" status="PASS">
          <reporter-output>
          </reporter-output>
        </test-method> <!-- verifyLoginwithValidEmailInvalidPasword -->
        <test-method is-config="true" signature="tearDown()[pri:0, instance:com.testCases.TC002_LoginTest@424fd310]" started-at="2025-01-14T17:01:44 EST" name="tearDown" finished-at="2025-01-14T17:01:44 EST" duration-ms="678" status="PASS">
          <reporter-output>
          </reporter-output>
        </test-method> <!-- tearDown -->
        <test-method is-config="true" signature="setup(java.lang.String,java.lang.String)[pri:0, instance:com.testCases.TC002_LoginTest@424fd310]" started-at="2025-01-14T17:01:44 EST" name="setup" finished-at="2025-01-14T17:01:50 EST" duration-ms="5971" status="PASS">
          <params>
            <param index="0">
              <value>
                <![CDATA[windows]]>
              </value>
            </param>
            <param index="1">
              <value>
                <![CDATA[Chrome]]>
              </value>
            </param>
          </params>
          <reporter-output>
          </reporter-output>
        </test-method> <!-- setup -->
        <test-method signature="verifyLoginwitInvalidEmailValidPasword()[pri:3, instance:com.testCases.TC002_LoginTest@424fd310]" started-at="2025-01-14T17:01:50 EST" name="verifyLoginwitInvalidEmailValidPasword" finished-at="2025-01-14T17:01:53 EST" duration-ms="2370" status="PASS">
          <reporter-output>
          </reporter-output>
        </test-method> <!-- verifyLoginwitInvalidEmailValidPasword -->
        <test-method is-config="true" signature="tearDown()[pri:0, instance:com.testCases.TC002_LoginTest@424fd310]" started-at="2025-01-14T17:01:53 EST" name="tearDown" finished-at="2025-01-14T17:01:53 EST" duration-ms="532" status="PASS">
          <reporter-output>
          </reporter-output>
        </test-method> <!-- tearDown -->
        <test-method is-config="true" signature="setup(java.lang.String,java.lang.String)[pri:0, instance:com.testCases.TC002_LoginTest@424fd310]" started-at="2025-01-14T17:01:53 EST" name="setup" finished-at="2025-01-14T17:01:59 EST" duration-ms="5669" status="PASS">
          <params>
            <param index="0">
              <value>
                <![CDATA[windows]]>
              </value>
            </param>
            <param index="1">
              <value>
                <![CDATA[Chrome]]>
              </value>
            </param>
          </params>
          <reporter-output>
          </reporter-output>
        </test-method> <!-- setup -->
        <test-method signature="verifyLoginwithInvalidCredentials()[pri:4, instance:com.testCases.TC002_LoginTest@424fd310]" started-at="2025-01-14T17:01:59 EST" name="verifyLoginwithInvalidCredentials" finished-at="2025-01-14T17:02:03 EST" duration-ms="4487" status="PASS">
          <reporter-output>
          </reporter-output>
        </test-method> <!-- verifyLoginwithInvalidCredentials -->
        <test-method is-config="true" signature="tearDown()[pri:0, instance:com.testCases.TC002_LoginTest@424fd310]" started-at="2025-01-14T17:02:03 EST" name="tearDown" finished-at="2025-01-14T17:02:04 EST" duration-ms="488" status="PASS">
          <reporter-output>
          </reporter-output>
        </test-method> <!-- tearDown -->
        <test-method is-config="true" signature="setup(java.lang.String,java.lang.String)[pri:0, instance:com.testCases.TC002_LoginTest@424fd310]" started-at="2025-01-14T17:02:04 EST" name="setup" finished-at="2025-01-14T17:02:07 EST" duration-ms="3525" status="PASS">
          <params>
            <param index="0">
              <value>
                <![CDATA[windows]]>
              </value>
            </param>
            <param index="1">
              <value>
                <![CDATA[Chrome]]>
              </value>
            </param>
          </params>
          <reporter-output>
          </reporter-output>
        </test-method> <!-- setup -->
        <test-method signature="verifyLoginwithNoCredentials()[pri:5, instance:com.testCases.TC002_LoginTest@424fd310]" started-at="2025-01-14T17:02:07 EST" name="verifyLoginwithNoCredentials" finished-at="2025-01-14T17:02:11 EST" duration-ms="4042" status="PASS">
          <reporter-output>
          </reporter-output>
        </test-method> <!-- verifyLoginwithNoCredentials -->
        <test-method is-config="true" signature="tearDown()[pri:0, instance:com.testCases.TC002_LoginTest@424fd310]" started-at="2025-01-14T17:02:11 EST" name="tearDown" finished-at="2025-01-14T17:02:12 EST" duration-ms="374" status="PASS">
          <reporter-output>
          </reporter-output>
        </test-method> <!-- tearDown -->
      </class> <!-- com.testCases.TC002_LoginTest -->
    </test> <!--  LoginTest_est -->
    <test started-at="2025-01-14T17:01:28 EST" name=" LoginWithDDT_Test" finished-at="2025-01-14T17:02:13 EST" duration-ms="44850">
      <class name="com.testCases.TC003_LoginWithDDT">
        <test-method is-config="true" signature="setup(java.lang.String,java.lang.String)[pri:0, instance:com.testCases.TC003_LoginWithDDT@6e6d5d29]" started-at="2025-01-14T17:01:29 EST" name="setup" finished-at="2025-01-14T17:01:35 EST" duration-ms="5877" status="PASS">
          <params>
            <param index="0">
              <value>
                <![CDATA[windows]]>
              </value>
            </param>
            <param index="1">
              <value>
                <![CDATA[Chrome]]>
              </value>
            </param>
          </params>
          <reporter-output>
          </reporter-output>
        </test-method> <!-- setup -->
        <test-method signature="verifyLoginwithDDT(java.lang.String,java.lang.String)[pri:0, instance:com.testCases.TC003_LoginWithDDT@6e6d5d29]" started-at="2025-01-14T17:01:35 EST" name="verifyLoginwithDDT" data-provider="LoginData" finished-at="2025-01-14T17:01:38 EST" duration-ms="3188" status="PASS">
          <params>
            <param index="0">
              <value>
                <![CDATA[seleniumpanda@gmail.com]]>
              </value>
            </param>
            <param index="1">
              <value>
                <![CDATA[Selenium@123]]>
              </value>
            </param>
          </params>
          <reporter-output>
          </reporter-output>
        </test-method> <!-- verifyLoginwithDDT -->
        <test-method is-config="true" signature="tearDown()[pri:0, instance:com.testCases.TC003_LoginWithDDT@6e6d5d29]" started-at="2025-01-14T17:01:38 EST" name="tearDown" finished-at="2025-01-14T17:01:39 EST" duration-ms="355" status="PASS">
          <reporter-output>
          </reporter-output>
        </test-method> <!-- tearDown -->
        <test-method is-config="true" signature="setup(java.lang.String,java.lang.String)[pri:0, instance:com.testCases.TC003_LoginWithDDT@6e6d5d29]" started-at="2025-01-14T17:01:39 EST" name="setup" finished-at="2025-01-14T17:01:42 EST" duration-ms="3046" status="PASS">
          <params>
            <param index="0">
              <value>
                <![CDATA[windows]]>
              </value>
            </param>
            <param index="1">
              <value>
                <![CDATA[Chrome]]>
              </value>
            </param>
          </params>
          <reporter-output>
          </reporter-output>
        </test-method> <!-- setup -->
        <test-method signature="verifyLoginwithDDT(java.lang.String,java.lang.String)[pri:0, instance:com.testCases.TC003_LoginWithDDT@6e6d5d29]" started-at="2025-01-14T17:01:42 EST" name="verifyLoginwithDDT" data-provider="LoginData" finished-at="2025-01-14T17:01:46 EST" duration-ms="4780" status="PASS">
          <params>
            <param index="0">
              <value>
                <![CDATA[seleniumpanda1@gmail.com]]>
              </value>
            </param>
            <param index="1">
              <value>
                <![CDATA[Selenium@123]]>
              </value>
            </param>
          </params>
          <reporter-output>
          </reporter-output>
        </test-method> <!-- verifyLoginwithDDT -->
        <test-method is-config="true" signature="tearDown()[pri:0, instance:com.testCases.TC003_LoginWithDDT@6e6d5d29]" started-at="2025-01-14T17:01:46 EST" name="tearDown" finished-at="2025-01-14T17:01:47 EST" duration-ms="443" status="PASS">
          <reporter-output>
          </reporter-output>
        </test-method> <!-- tearDown -->
        <test-method is-config="true" signature="setup(java.lang.String,java.lang.String)[pri:0, instance:com.testCases.TC003_LoginWithDDT@6e6d5d29]" started-at="2025-01-14T17:01:47 EST" name="setup" finished-at="2025-01-14T17:01:52 EST" duration-ms="5459" status="PASS">
          <params>
            <param index="0">
              <value>
                <![CDATA[windows]]>
              </value>
            </param>
            <param index="1">
              <value>
                <![CDATA[Chrome]]>
              </value>
            </param>
          </params>
          <reporter-output>
          </reporter-output>
        </test-method> <!-- setup -->
        <test-method signature="verifyLoginwithDDT(java.lang.String,java.lang.String)[pri:0, instance:com.testCases.TC003_LoginWithDDT@6e6d5d29]" started-at="2025-01-14T17:01:52 EST" name="verifyLoginwithDDT" data-provider="LoginData" finished-at="2025-01-14T17:01:55 EST" duration-ms="2712" status="PASS">
          <params>
            <param index="0">
              <value>
                <![CDATA[seleniumpanda2@gmail.com]]>
              </value>
            </param>
            <param index="1">
              <value>
                <![CDATA[Selenium@123]]>
              </value>
            </param>
          </params>
          <reporter-output>
          </reporter-output>
        </test-method> <!-- verifyLoginwithDDT -->
        <test-method is-config="true" signature="tearDown()[pri:0, instance:com.testCases.TC003_LoginWithDDT@6e6d5d29]" started-at="2025-01-14T17:01:55 EST" name="tearDown" finished-at="2025-01-14T17:01:56 EST" duration-ms="888" status="PASS">
          <reporter-output>
          </reporter-output>
        </test-method> <!-- tearDown -->
        <test-method is-config="true" signature="setup(java.lang.String,java.lang.String)[pri:0, instance:com.testCases.TC003_LoginWithDDT@6e6d5d29]" started-at="2025-01-14T17:01:56 EST" name="setup" finished-at="2025-01-14T17:02:01 EST" duration-ms="4976" status="PASS">
          <params>
            <param index="0">
              <value>
                <![CDATA[windows]]>
              </value>
            </param>
            <param index="1">
              <value>
                <![CDATA[Chrome]]>
              </value>
            </param>
          </params>
          <reporter-output>
          </reporter-output>
        </test-method> <!-- setup -->
        <test-method signature="verifyLoginwithDDT(java.lang.String,java.lang.String)[pri:0, instance:com.testCases.TC003_LoginWithDDT@6e6d5d29]" started-at="2025-01-14T17:02:01 EST" name="verifyLoginwithDDT" data-provider="LoginData" finished-at="2025-01-14T17:02:03 EST" duration-ms="2145" status="PASS">
          <params>
            <param index="0">
              <value>
                <![CDATA[seleniumpanda3@gmail.com]]>
              </value>
            </param>
            <param index="1">
              <value>
                <![CDATA[Selenium@123]]>
              </value>
            </param>
          </params>
          <reporter-output>
          </reporter-output>
        </test-method> <!-- verifyLoginwithDDT -->
        <test-method is-config="true" signature="tearDown()[pri:0, instance:com.testCases.TC003_LoginWithDDT@6e6d5d29]" started-at="2025-01-14T17:02:03 EST" name="tearDown" finished-at="2025-01-14T17:02:04 EST" duration-ms="584" status="PASS">
          <reporter-output>
          </reporter-output>
        </test-method> <!-- tearDown -->
        <test-method is-config="true" signature="setup(java.lang.String,java.lang.String)[pri:0, instance:com.testCases.TC003_LoginWithDDT@6e6d5d29]" started-at="2025-01-14T17:02:04 EST" name="setup" finished-at="2025-01-14T17:02:09 EST" duration-ms="5465" status="PASS">
          <params>
            <param index="0">
              <value>
                <![CDATA[windows]]>
              </value>
            </param>
            <param index="1">
              <value>
                <![CDATA[Chrome]]>
              </value>
            </param>
          </params>
          <reporter-output>
          </reporter-output>
        </test-method> <!-- setup -->
        <test-method signature="verifyLoginwithDDT(java.lang.String,java.lang.String)[pri:0, instance:com.testCases.TC003_LoginWithDDT@6e6d5d29]" started-at="2025-01-14T17:02:09 EST" name="verifyLoginwithDDT" data-provider="LoginData" finished-at="2025-01-14T17:02:12 EST" duration-ms="3278" status="PASS">
          <params>
            <param index="0">
              <value>
                <![CDATA[seleniumpanda4@gmail.com]]>
              </value>
            </param>
            <param index="1">
              <value>
                <![CDATA[Selenium@123]]>
              </value>
            </param>
          </params>
          <reporter-output>
          </reporter-output>
        </test-method> <!-- verifyLoginwithDDT -->
        <test-method is-config="true" signature="tearDown()[pri:0, instance:com.testCases.TC003_LoginWithDDT@6e6d5d29]" started-at="2025-01-14T17:02:12 EST" name="tearDown" finished-at="2025-01-14T17:02:13 EST" duration-ms="473" status="PASS">
          <reporter-output>
          </reporter-output>
        </test-method> <!-- tearDown -->
      </class> <!-- com.testCases.TC003_LoginWithDDT -->
    </test> <!--  LoginWithDDT_Test -->
    <test started-at="2025-01-14T17:02:13 EST" name=" ShoppingCartPage_Test" finished-at="2025-01-14T17:02:25 EST" duration-ms="12303">
      <class name="com.testCases.TC005_ShoppingCartPage">
        <test-method is-config="true" signature="setup(java.lang.String,java.lang.String)[pri:0, instance:com.testCases.TC005_ShoppingCartPage@73dce0e6]" started-at="2025-01-14T17:02:13 EST" name="setup" finished-at="2025-01-14T17:02:19 EST" duration-ms="6272" status="PASS">
          <params>
            <param index="0">
              <value>
                <![CDATA[windows]]>
              </value>
            </param>
            <param index="1">
              <value>
                <![CDATA[Chrome]]>
              </value>
            </param>
          </params>
          <reporter-output>
          </reporter-output>
        </test-method> <!-- setup -->
        <test-method signature="shoppnigcartTast()[pri:0, instance:com.testCases.TC005_ShoppingCartPage@73dce0e6]" started-at="2025-01-14T17:02:19 EST" name="shoppnigcartTast" finished-at="2025-01-14T17:02:24 EST" duration-ms="5010" status="PASS">
          <reporter-output>
          </reporter-output>
        </test-method> <!-- shoppnigcartTast -->
        <test-method is-config="true" signature="tearDown()[pri:0, instance:com.testCases.TC005_ShoppingCartPage@73dce0e6]" started-at="2025-01-14T17:02:24 EST" name="tearDown" finished-at="2025-01-14T17:02:25 EST" duration-ms="1016" status="PASS">
          <reporter-output>
          </reporter-output>
        </test-method> <!-- tearDown -->
      </class> <!-- com.testCases.TC005_ShoppingCartPage -->
    </test> <!--  ShoppingCartPage_Test -->
    <test started-at="2025-01-14T17:01:28 EST" name=" AccountRegisterationTest_Test" finished-at="2025-01-14T17:02:27 EST" duration-ms="59038">
      <class name="com.testCases.TC001_AccountRegisterationTest">
        <test-method is-config="true" signature="setup(java.lang.String,java.lang.String)[pri:0, instance:com.testCases.TC001_AccountRegisterationTest@4bff64c2]" started-at="2025-01-14T17:01:28 EST" name="setup" finished-at="2025-01-14T17:01:34 EST" duration-ms="6080" status="PASS">
          <params>
            <param index="0">
              <value>
                <![CDATA[windows]]>
              </value>
            </param>
            <param index="1">
              <value>
                <![CDATA[Chrome]]>
              </value>
            </param>
          </params>
          <reporter-output>
          </reporter-output>
        </test-method> <!-- setup -->
        <test-method signature="verifyRegistrationWithMandatoryDetails()[pri:1, instance:com.testCases.TC001_AccountRegisterationTest@4bff64c2]" started-at="2025-01-14T17:01:34 EST" name="verifyRegistrationWithMandatoryDetails" finished-at="2025-01-14T17:01:47 EST" duration-ms="13217" status="FAIL">
          <exception class="java.lang.AssertionError">
            <message>
              <![CDATA[expected [Your Account Has Been Created!] but found [no such element: Unable to locate element: {"method":"xpath","selector":"//h1[normalize-space()='Your Account Has Been Created!']"}
  (Session info: chrome=131.0.6778.265)
For documentation on this error, please visit: https://www.selenium.dev/documentation/webdriver/troubleshooting/errors#no-such-element-exception
Build info: version: '4.22.0', revision: 'c5f3146703*'
System info: os.name: 'Windows 11', os.arch: 'amd64', os.version: '10.0', java.version: '17.0.10'
Driver info: org.openqa.selenium.chrome.ChromeDriver
Command: [78f632d14d8f267a5d9d58d567bf76f7, findElement {using=xpath, value=//h1[normalize-space()='Your Account Has Been Created!']}]
Capabilities {acceptInsecureCerts: false, browserName: chrome, browserVersion: 131.0.6778.265, chrome: {chromedriverVersion: 131.0.6778.264 (2d05e315153..., userDataDir: C:\Users\15713\AppData\Loca...}, fedcm:accounts: true, goog:chromeOptions: {debuggerAddress: localhost:58709}, networkConnectionEnabled: false, pageLoadStrategy: normal, platformName: windows, proxy: Proxy(), se:cdp: ws://localhost:58709/devtoo..., se:cdpVersion: 131.0.6778.265, setWindowRect: true, strictFileInteractability: false, timeouts: {implicit: 0, pageLoad: 300000, script: 30000}, unhandledPromptBehavior: dismiss and notify, webauthn:extension:credBlob: true, webauthn:extension:largeBlob: true, webauthn:extension:minPinLength: true, webauthn:extension:prf: true, webauthn:virtualAuthenticators: true}
Session ID: 78f632d14d8f267a5d9d58d567bf76f7]]]>
            </message>
            <full-stacktrace>
              <![CDATA[java.lang.AssertionError: expected [Your Account Has Been Created!] but found [no such element: Unable to locate element: {"method":"xpath","selector":"//h1[normalize-space()='Your Account Has Been Created!']"}
  (Session info: chrome=131.0.6778.265)
For documentation on this error, please visit: https://www.selenium.dev/documentation/webdriver/troubleshooting/errors#no-such-element-exception
Build info: version: '4.22.0', revision: 'c5f3146703*'
System info: os.name: 'Windows 11', os.arch: 'amd64', os.version: '10.0', java.version: '17.0.10'
Driver info: org.openqa.selenium.chrome.ChromeDriver
Command: [78f632d14d8f267a5d9d58d567bf76f7, findElement {using=xpath, value=//h1[normalize-space()='Your Account Has Been Created!']}]
Capabilities {acceptInsecureCerts: false, browserName: chrome, browserVersion: 131.0.6778.265, chrome: {chromedriverVersion: 131.0.6778.264 (2d05e315153..., userDataDir: C:\Users\15713\AppData\Loca...}, fedcm:accounts: true, goog:chromeOptions: {debuggerAddress: localhost:58709}, networkConnectionEnabled: false, pageLoadStrategy: normal, platformName: windows, proxy: Proxy(), se:cdp: ws://localhost:58709/devtoo..., se:cdpVersion: 131.0.6778.265, setWindowRect: true, strictFileInteractability: false, timeouts: {implicit: 0, pageLoad: 300000, script: 30000}, unhandledPromptBehavior: dismiss and notify, webauthn:extension:credBlob: true, webauthn:extension:largeBlob: true, webauthn:extension:minPinLength: true, webauthn:extension:prf: true, webauthn:virtualAuthenticators: true}
Session ID: 78f632d14d8f267a5d9d58d567bf76f7]
at org.testng.Assert.fail(Assert.java:111)
at org.testng.Assert.failNotEquals(Assert.java:1578)
at org.testng.Assert.assertEqualsImpl(Assert.java:150)
at org.testng.Assert.assertEquals(Assert.java:132)
at org.testng.Assert.assertEquals(Assert.java:656)
at org.testng.Assert.assertEquals(Assert.java:666)
at com.testCases.TC001_AccountRegisterationTest.verifyRegistrationWithMandatoryDetails(TC001_AccountRegisterationTest.java:36)
at java.base/jdk.internal.reflect.NativeMethodAccessorImpl.invoke0(Native Method)
at java.base/jdk.internal.reflect.NativeMethodAccessorImpl.invoke(NativeMethodAccessorImpl.java:77)
at java.base/jdk.internal.reflect.DelegatingMethodAccessorImpl.invoke(DelegatingMethodAccessorImpl.java:43)
at java.base/java.lang.reflect.Method.invoke(Method.java:568)
at org.testng.internal.invokers.MethodInvocationHelper.invokeMethod(MethodInvocationHelper.java:139)
at org.testng.internal.invokers.TestInvoker.invokeMethod(TestInvoker.java:664)
at org.testng.internal.invokers.TestInvoker.invokeTestMethod(TestInvoker.java:227)
at org.testng.internal.invokers.MethodRunner.runInSequence(MethodRunner.java:50)
at org.testng.internal.invokers.TestInvoker$MethodInvocationAgent.invoke(TestInvoker.java:957)
at org.testng.internal.invokers.TestInvoker.invokeTestMethods(TestInvoker.java:200)
at org.testng.internal.invokers.TestMethodWorker.invokeTestMethods(TestMethodWorker.java:148)
at org.testng.internal.invokers.TestMethodWorker.run(TestMethodWorker.java:128)
at java.base/java.util.ArrayList.forEach(ArrayList.java:1511)
at org.testng.TestRunner.privateRun(TestRunner.java:848)
at org.testng.TestRunner.run(TestRunner.java:621)
at org.testng.SuiteRunner.runTest(SuiteRunner.java:443)
at org.testng.SuiteRunner$SuiteWorker.run(SuiteRunner.java:481)
at org.testng.internal.thread.ThreadUtil.lambda$execute$0(ThreadUtil.java:58)
at java.base/java.util.concurrent.FutureTask.run(FutureTask.java:264)
at java.base/java.util.concurrent.ThreadPoolExecutor.runWorker(ThreadPoolExecutor.java:1136)
at java.base/java.util.concurrent.ThreadPoolExecutor$Worker.run(ThreadPoolExecutor.java:635)
at java.base/java.lang.Thread.run(Thread.java:842)
]]>
            </full-stacktrace>
          </exception> <!-- java.lang.AssertionError -->
          <reporter-output>
          </reporter-output>
        </test-method> <!-- verifyRegistrationWithMandatoryDetails -->
        <test-method is-config="true" signature="tearDown()[pri:0, instance:com.testCases.TC001_AccountRegisterationTest@4bff64c2]" started-at="2025-01-14T17:01:47 EST" name="tearDown" finished-at="2025-01-14T17:01:48 EST" duration-ms="384" status="PASS">
          <reporter-output>
          </reporter-output>
        </test-method> <!-- tearDown -->
        <test-method is-config="true" signature="setup(java.lang.String,java.lang.String)[pri:0, instance:com.testCases.TC001_AccountRegisterationTest@4bff64c2]" started-at="2025-01-14T17:01:48 EST" name="setup" finished-at="2025-01-14T17:01:54 EST" duration-ms="6329" status="PASS">
          <params>
            <param index="0">
              <value>
                <![CDATA[windows]]>
              </value>
            </param>
            <param index="1">
              <value>
                <![CDATA[Chrome]]>
              </value>
            </param>
          </params>
          <reporter-output>
          </reporter-output>
        </test-method> <!-- setup -->
        <test-method signature="verifyRegisterWithAllDetails()[pri:2, instance:com.testCases.TC001_AccountRegisterationTest@4bff64c2]" started-at="2025-01-14T17:01:54 EST" name="verifyRegisterWithAllDetails" finished-at="2025-01-14T17:01:58 EST" duration-ms="3836" status="PASS">
          <reporter-output>
          </reporter-output>
        </test-method> <!-- verifyRegisterWithAllDetails -->
        <test-method is-config="true" signature="tearDown()[pri:0, instance:com.testCases.TC001_AccountRegisterationTest@4bff64c2]" started-at="2025-01-14T17:01:58 EST" name="tearDown" finished-at="2025-01-14T17:01:58 EST" duration-ms="349" status="PASS">
          <reporter-output>
          </reporter-output>
        </test-method> <!-- tearDown -->
        <test-method is-config="true" signature="setup(java.lang.String,java.lang.String)[pri:0, instance:com.testCases.TC001_AccountRegisterationTest@4bff64c2]" started-at="2025-01-14T17:01:58 EST" name="setup" finished-at="2025-01-14T17:02:03 EST" duration-ms="4783" status="PASS">
          <params>
            <param index="0">
              <value>
                <![CDATA[windows]]>
              </value>
            </param>
            <param index="1">
              <value>
                <![CDATA[Chrome]]>
              </value>
            </param>
          </params>
          <reporter-output>
          </reporter-output>
        </test-method> <!-- setup -->
        <test-method signature="verifyRegistrationWithExistingEmail()[pri:3, instance:com.testCases.TC001_AccountRegisterationTest@4bff64c2]" started-at="2025-01-14T17:02:03 EST" name="verifyRegistrationWithExistingEmail" finished-at="2025-01-14T17:02:07 EST" duration-ms="4347" status="PASS">
          <reporter-output>
          </reporter-output>
        </test-method> <!-- verifyRegistrationWithExistingEmail -->
        <test-method is-config="true" signature="tearDown()[pri:0, instance:com.testCases.TC001_AccountRegisterationTest@4bff64c2]" started-at="2025-01-14T17:02:07 EST" name="tearDown" finished-at="2025-01-14T17:02:08 EST" duration-ms="532" status="PASS">
          <reporter-output>
          </reporter-output>
        </test-method> <!-- tearDown -->
        <test-method is-config="true" signature="setup(java.lang.String,java.lang.String)[pri:0, instance:com.testCases.TC001_AccountRegisterationTest@4bff64c2]" started-at="2025-01-14T17:02:08 EST" name="setup" finished-at="2025-01-14T17:02:13 EST" duration-ms="5433" status="PASS">
          <params>
            <param index="0">
              <value>
                <![CDATA[windows]]>
              </value>
            </param>
            <param index="1">
              <value>
                <![CDATA[Chrome]]>
              </value>
            </param>
          </params>
          <reporter-output>
          </reporter-output>
        </test-method> <!-- setup -->
        <test-method signature="verifyRegisterWithIncorrectConfirmPassword()[pri:4, instance:com.testCases.TC001_AccountRegisterationTest@4bff64c2]" started-at="2025-01-14T17:02:13 EST" name="verifyRegisterWithIncorrectConfirmPassword" finished-at="2025-01-14T17:02:17 EST" duration-ms="4231" status="PASS">
          <reporter-output>
          </reporter-output>
        </test-method> <!-- verifyRegisterWithIncorrectConfirmPassword -->
        <test-method is-config="true" signature="tearDown()[pri:0, instance:com.testCases.TC001_AccountRegisterationTest@4bff64c2]" started-at="2025-01-14T17:02:17 EST" name="tearDown" finished-at="2025-01-14T17:02:18 EST" duration-ms="515" status="PASS">
          <reporter-output>
          </reporter-output>
        </test-method> <!-- tearDown -->
        <test-method is-config="true" signature="setup(java.lang.String,java.lang.String)[pri:0, instance:com.testCases.TC001_AccountRegisterationTest@4bff64c2]" started-at="2025-01-14T17:02:18 EST" name="setup" finished-at="2025-01-14T17:02:24 EST" duration-ms="6227" status="PASS">
          <params>
            <param index="0">
              <value>
                <![CDATA[windows]]>
              </value>
            </param>
            <param index="1">
              <value>
                <![CDATA[Chrome]]>
              </value>
            </param>
          </params>
          <reporter-output>
          </reporter-output>
        </test-method> <!-- setup -->
        <test-method signature="verifyRegisterWithNoDetails()[pri:5, instance:com.testCases.TC001_AccountRegisterationTest@4bff64c2]" started-at="2025-01-14T17:02:24 EST" name="verifyRegisterWithNoDetails" finished-at="2025-01-14T17:02:27 EST" duration-ms="2297" status="PASS">
          <reporter-output>
          </reporter-output>
        </test-method> <!-- verifyRegisterWithNoDetails -->
        <test-method is-config="true" signature="tearDown()[pri:0, instance:com.testCases.TC001_AccountRegisterationTest@4bff64c2]" started-at="2025-01-14T17:02:27 EST" name="tearDown" finished-at="2025-01-14T17:02:27 EST" duration-ms="433" status="PASS">
          <reporter-output>
          </reporter-output>
        </test-method> <!-- tearDown -->
      </class> <!-- com.testCases.TC001_AccountRegisterationTest -->
    </test> <!--  AccountRegisterationTest_Test -->
    <test started-at="2025-01-14T17:02:12 EST" name=" SearchProductTest_Test" finished-at="2025-01-14T17:02:32 EST" duration-ms="20444">
      <class name="com.testCases.TC004_SearchProductTest">
        <test-method is-config="true" signature="setup(java.lang.String,java.lang.String)[pri:0, instance:com.testCases.TC004_SearchProductTest@4e858e0a]" started-at="2025-01-14T17:02:12 EST" name="setup" finished-at="2025-01-14T17:02:16 EST" duration-ms="3762" status="PASS">
          <params>
            <param index="0">
              <value>
                <![CDATA[windows]]>
              </value>
            </param>
            <param index="1">
              <value>
                <![CDATA[Chrome]]>
              </value>
            </param>
          </params>
          <reporter-output>
          </reporter-output>
        </test-method> <!-- setup -->
        <test-method signature="searchWithValidProduct()[pri:1, instance:com.testCases.TC004_SearchProductTest@4e858e0a]" started-at="2025-01-14T17:02:16 EST" name="searchWithValidProduct" finished-at="2025-01-14T17:02:19 EST" duration-ms="3268" status="PASS">
          <reporter-output>
          </reporter-output>
        </test-method> <!-- searchWithValidProduct -->
        <test-method is-config="true" signature="tearDown()[pri:0, instance:com.testCases.TC004_SearchProductTest@4e858e0a]" started-at="2025-01-14T17:02:19 EST" name="tearDown" finished-at="2025-01-14T17:02:19 EST" duration-ms="473" status="PASS">
          <reporter-output>
          </reporter-output>
        </test-method> <!-- tearDown -->
        <test-method is-config="true" signature="setup(java.lang.String,java.lang.String)[pri:0, instance:com.testCases.TC004_SearchProductTest@4e858e0a]" started-at="2025-01-14T17:02:19 EST" name="setup" finished-at="2025-01-14T17:02:24 EST" duration-ms="4571" status="PASS">
          <params>
            <param index="0">
              <value>
                <![CDATA[windows]]>
              </value>
            </param>
            <param index="1">
              <value>
                <![CDATA[Chrome]]>
              </value>
            </param>
          </params>
          <reporter-output>
          </reporter-output>
        </test-method> <!-- setup -->
        <test-method signature="searchWithInvalidProduct()[pri:2, instance:com.testCases.TC004_SearchProductTest@4e858e0a]" started-at="2025-01-14T17:02:24 EST" name="searchWithInvalidProduct" finished-at="2025-01-14T17:02:27 EST" duration-ms="2600" status="PASS">
          <reporter-output>
          </reporter-output>
        </test-method> <!-- searchWithInvalidProduct -->
        <test-method is-config="true" signature="tearDown()[pri:0, instance:com.testCases.TC004_SearchProductTest@4e858e0a]" started-at="2025-01-14T17:02:27 EST" name="tearDown" finished-at="2025-01-14T17:02:27 EST" duration-ms="376" status="PASS">
          <reporter-output>
          </reporter-output>
        </test-method> <!-- tearDown -->
        <test-method is-config="true" signature="setup(java.lang.String,java.lang.String)[pri:0, instance:com.testCases.TC004_SearchProductTest@4e858e0a]" started-at="2025-01-14T17:02:27 EST" name="setup" finished-at="2025-01-14T17:02:32 EST" duration-ms="4609" status="PASS">
          <params>
            <param index="0">
              <value>
                <![CDATA[windows]]>
              </value>
            </param>
            <param index="1">
              <value>
                <![CDATA[Chrome]]>
              </value>
            </param>
          </params>
          <reporter-output>
          </reporter-output>
        </test-method> <!-- setup -->
        <test-method signature="searchWithNoProduct()[pri:3, instance:com.testCases.TC004_SearchProductTest@4e858e0a]" started-at="2025-01-14T17:02:32 EST" name="searchWithNoProduct" finished-at="2025-01-14T17:02:32 EST" depends-on-methods="com.testCases.TC004_SearchProductTest.searchWithInvalidProduct" duration-ms="534" status="PASS">
          <reporter-output>
          </reporter-output>
        </test-method> <!-- searchWithNoProduct -->
        <test-method is-config="true" signature="tearDown()[pri:0, instance:com.testCases.TC004_SearchProductTest@4e858e0a]" started-at="2025-01-14T17:02:32 EST" name="tearDown" finished-at="2025-01-14T17:02:32 EST" duration-ms="234" status="PASS">
          <reporter-output>
          </reporter-output>
        </test-method> <!-- tearDown -->
      </class> <!-- com.testCases.TC004_SearchProductTest -->
    </test> <!--  SearchProductTest_Test -->
  </suite> <!-- Parallel Tests Suite -->
</testng-results>
